=== STDOUT ===
============================= test session starts =============================
collected 136 items

tests\test_api.py ......................                                 [ 16%]
tests\test_e2e_auth.py .........................                         [ 34%]
tests\test_parser.py .....................                               [ 50%]
tests\test_rules.py .................................................... [ 88%]
................                                                         [100%]

============================= 136 passed in 6.45s =============================

=== STDERR ===

=== EXIT CODE: 0 ===
